[debug] [2022-10-09T23:45:56.825Z] ----------------------------------------------------------------------
[debug] [2022-10-09T23:45:56.830Z] Command:       C:\Program Files\nodejs\node.exe C:\Users\Kbin\AppData\Roaming\npm\node_modules\firebase-tools\lib\bin\firebase.js deploy
[debug] [2022-10-09T23:45:56.831Z] CLI Version:   11.14.1
[debug] [2022-10-09T23:45:56.831Z] Platform:      win32
[debug] [2022-10-09T23:45:56.831Z] Node Version:  v16.13.1
[debug] [2022-10-09T23:45:56.833Z] Time:          Mon Oct 10 2022 05:45:56 GMT+0600 (Bangladesh Standard Time)
[debug] [2022-10-09T23:45:56.833Z] ----------------------------------------------------------------------
[debug] 
[debug] [2022-10-09T23:45:56.953Z] > command requires scopes: ["email","openid","https://www.googleapis.com/auth/cloudplatformprojects.readonly","https://www.googleapis.com/auth/firebase","https://www.googleapis.com/auth/cloud-platform"]
[debug] [2022-10-09T23:45:56.954Z] > authorizing via signed-in user (khalidprithy@gmail.com)
[debug] [2022-10-09T23:45:56.954Z] [iam] checking project tea-tree-6ed1f for permissions ["firebase.projects.get","firebasehosting.sites.update"]
[debug] [2022-10-09T23:45:56.957Z] > refreshing access token with scopes: []
[debug] [2022-10-09T23:45:56.959Z] >>> [apiv2][query] POST https://www.googleapis.com/oauth2/v3/token [none]
[debug] [2022-10-09T23:45:56.959Z] >>> [apiv2][body] POST https://www.googleapis.com/oauth2/v3/token [omitted]
[debug] [2022-10-09T23:45:57.310Z] <<< [apiv2][status] POST https://www.googleapis.com/oauth2/v3/token 400
[debug] [2022-10-09T23:45:57.311Z] <<< [apiv2][body] POST https://www.googleapis.com/oauth2/v3/token [omitted]
[debug] [2022-10-09T23:45:57.312Z] >>> [apiv2][query] POST https://cloudresourcemanager.googleapis.com/v1/projects/tea-tree-6ed1f:testIamPermissions [none]
[debug] [2022-10-09T23:45:57.312Z] >>> [apiv2][(partial)header] POST https://cloudresourcemanager.googleapis.com/v1/projects/tea-tree-6ed1f:testIamPermissions x-goog-quota-user=projects/tea-tree-6ed1f
[debug] [2022-10-09T23:45:57.313Z] >>> [apiv2][body] POST https://cloudresourcemanager.googleapis.com/v1/projects/tea-tree-6ed1f:testIamPermissions {"permissions":["firebase.projects.get","firebasehosting.sites.update"]}
[debug] [2022-10-09T23:45:58.923Z] <<< [apiv2][status] POST https://cloudresourcemanager.googleapis.com/v1/projects/tea-tree-6ed1f:testIamPermissions 401
[debug] [2022-10-09T23:45:58.923Z] <<< [apiv2][body] POST https://cloudresourcemanager.googleapis.com/v1/projects/tea-tree-6ed1f:testIamPermissions {"error":{"code":401,"message":"Request had invalid authentication credentials. Expected OAuth 2 access token, login cookie or other valid authentication credential. See https://developers.google.com/identity/sign-in/web/devconsole-project.","status":"UNAUTHENTICATED","details":[{"@type":"type.googleapis.com/google.rpc.ErrorInfo","reason":"ACCESS_TOKEN_TYPE_UNSUPPORTED","metadata":{"service":"cloudresourcemanager.googleapis.com","method":"google.cloudresourcemanager.v1.Projects.TestIamPermissions"}}]}}
[debug] [2022-10-09T23:45:58.925Z] [iam] error while checking permissions, command may fail: FirebaseError: HTTP Error: 401, Request had invalid authentication credentials. Expected OAuth 2 access token, login cookie or other valid authentication credential. See https://developers.google.com/identity/sign-in/web/devconsole-project.
[debug] [2022-10-09T23:45:58.925Z] > refreshing access token with scopes: []
[debug] [2022-10-09T23:45:58.926Z] >>> [apiv2][query] POST https://www.googleapis.com/oauth2/v3/token [none]
[debug] [2022-10-09T23:45:58.926Z] >>> [apiv2][body] POST https://www.googleapis.com/oauth2/v3/token [omitted]
[debug] [2022-10-09T23:45:59.215Z] <<< [apiv2][status] POST https://www.googleapis.com/oauth2/v3/token 400
[debug] [2022-10-09T23:45:59.216Z] <<< [apiv2][body] POST https://www.googleapis.com/oauth2/v3/token [omitted]
[debug] [2022-10-09T23:45:59.216Z] >>> [apiv2][query] GET https://firebase.googleapis.com/v1beta1/projects/tea-tree-6ed1f [none]
[debug] [2022-10-09T23:45:59.788Z] <<< [apiv2][status] GET https://firebase.googleapis.com/v1beta1/projects/tea-tree-6ed1f 401
[debug] [2022-10-09T23:45:59.788Z] <<< [apiv2][body] GET https://firebase.googleapis.com/v1beta1/projects/tea-tree-6ed1f {"error":{"code":401,"message":"Request had invalid authentication credentials. Expected OAuth 2 access token, login cookie or other valid authentication credential. See https://developers.google.com/identity/sign-in/web/devconsole-project.","status":"UNAUTHENTICATED"}}
[debug] [2022-10-09T23:45:59.788Z] HTTP Error: 401, Request had invalid authentication credentials. Expected OAuth 2 access token, login cookie or other valid authentication credential. See https://developers.google.com/identity/sign-in/web/devconsole-project.
[debug] [2022-10-09T23:46:00.057Z] FirebaseError: HTTP Error: 401, Request had invalid authentication credentials. Expected OAuth 2 access token, login cookie or other valid authentication credential. See https://developers.google.com/identity/sign-in/web/devconsole-project.
    at responseToError (C:\Users\Kbin\AppData\Roaming\npm\node_modules\firebase-tools\lib\responseToError.js:49:12)
    at RetryOperation._fn (C:\Users\Kbin\AppData\Roaming\npm\node_modules\firebase-tools\lib\apiv2.js:288:77)
    at processTicksAndRejections (node:internal/process/task_queues:96:5)
[error] 
[error] Error: Failed to get Firebase project tea-tree-6ed1f. Please make sure the project exists and your account has permission to access it.
[debug] [2022-10-09T23:47:46.969Z] ----------------------------------------------------------------------
[debug] [2022-10-09T23:47:46.971Z] Command:       C:\Program Files\nodejs\node.exe C:\Users\Kbin\AppData\Roaming\npm\node_modules\firebase-tools\lib\bin\firebase.js deploy
[debug] [2022-10-09T23:47:46.972Z] CLI Version:   11.14.1
[debug] [2022-10-09T23:47:46.972Z] Platform:      win32
[debug] [2022-10-09T23:47:46.972Z] Node Version:  v16.13.1
[debug] [2022-10-09T23:47:46.973Z] Time:          Mon Oct 10 2022 05:47:46 GMT+0600 (Bangladesh Standard Time)
[debug] [2022-10-09T23:47:46.973Z] ----------------------------------------------------------------------
[debug] 
[debug] [2022-10-09T23:47:47.087Z] > command requires scopes: ["email","openid","https://www.googleapis.com/auth/cloudplatformprojects.readonly","https://www.googleapis.com/auth/firebase","https://www.googleapis.com/auth/cloud-platform"]
[debug] [2022-10-09T23:47:47.088Z] > authorizing via signed-in user (khalidprithy@gmail.com)
[debug] [2022-10-09T23:47:47.088Z] [iam] checking project tea-tree-6ed1f for permissions ["firebase.projects.get","firebasehosting.sites.update"]
[debug] [2022-10-09T23:47:47.092Z] > refreshing access token with scopes: []
[debug] [2022-10-09T23:47:47.096Z] >>> [apiv2][query] POST https://www.googleapis.com/oauth2/v3/token [none]
[debug] [2022-10-09T23:47:47.097Z] >>> [apiv2][body] POST https://www.googleapis.com/oauth2/v3/token [omitted]
[debug] [2022-10-09T23:47:47.471Z] <<< [apiv2][status] POST https://www.googleapis.com/oauth2/v3/token 400
[debug] [2022-10-09T23:47:47.471Z] <<< [apiv2][body] POST https://www.googleapis.com/oauth2/v3/token [omitted]
[debug] [2022-10-09T23:47:47.471Z] >>> [apiv2][query] POST https://cloudresourcemanager.googleapis.com/v1/projects/tea-tree-6ed1f:testIamPermissions [none]
[debug] [2022-10-09T23:47:47.471Z] >>> [apiv2][(partial)header] POST https://cloudresourcemanager.googleapis.com/v1/projects/tea-tree-6ed1f:testIamPermissions x-goog-quota-user=projects/tea-tree-6ed1f
[debug] [2022-10-09T23:47:47.472Z] >>> [apiv2][body] POST https://cloudresourcemanager.googleapis.com/v1/projects/tea-tree-6ed1f:testIamPermissions {"permissions":["firebase.projects.get","firebasehosting.sites.update"]}
[debug] [2022-10-09T23:47:49.066Z] <<< [apiv2][status] POST https://cloudresourcemanager.googleapis.com/v1/projects/tea-tree-6ed1f:testIamPermissions 401
[debug] [2022-10-09T23:47:49.066Z] <<< [apiv2][body] POST https://cloudresourcemanager.googleapis.com/v1/projects/tea-tree-6ed1f:testIamPermissions {"error":{"code":401,"message":"Request had invalid authentication credentials. Expected OAuth 2 access token, login cookie or other valid authentication credential. See https://developers.google.com/identity/sign-in/web/devconsole-project.","status":"UNAUTHENTICATED","details":[{"@type":"type.googleapis.com/google.rpc.ErrorInfo","reason":"ACCESS_TOKEN_TYPE_UNSUPPORTED","metadata":{"service":"cloudresourcemanager.googleapis.com","method":"google.cloudresourcemanager.v1.Projects.TestIamPermissions"}}]}}
[debug] [2022-10-09T23:47:49.067Z] [iam] error while checking permissions, command may fail: FirebaseError: HTTP Error: 401, Request had invalid authentication credentials. Expected OAuth 2 access token, login cookie or other valid authentication credential. See https://developers.google.com/identity/sign-in/web/devconsole-project.
[debug] [2022-10-09T23:47:49.068Z] > refreshing access token with scopes: []
[debug] [2022-10-09T23:47:49.068Z] >>> [apiv2][query] POST https://www.googleapis.com/oauth2/v3/token [none]
[debug] [2022-10-09T23:47:49.068Z] >>> [apiv2][body] POST https://www.googleapis.com/oauth2/v3/token [omitted]
[debug] [2022-10-09T23:47:49.367Z] <<< [apiv2][status] POST https://www.googleapis.com/oauth2/v3/token 400
[debug] [2022-10-09T23:47:49.367Z] <<< [apiv2][body] POST https://www.googleapis.com/oauth2/v3/token [omitted]
[debug] [2022-10-09T23:47:49.368Z] >>> [apiv2][query] GET https://firebase.googleapis.com/v1beta1/projects/tea-tree-6ed1f [none]
[debug] [2022-10-09T23:47:49.941Z] <<< [apiv2][status] GET https://firebase.googleapis.com/v1beta1/projects/tea-tree-6ed1f 401
[debug] [2022-10-09T23:47:49.941Z] <<< [apiv2][body] GET https://firebase.googleapis.com/v1beta1/projects/tea-tree-6ed1f {"error":{"code":401,"message":"Request had invalid authentication credentials. Expected OAuth 2 access token, login cookie or other valid authentication credential. See https://developers.google.com/identity/sign-in/web/devconsole-project.","status":"UNAUTHENTICATED"}}
[debug] [2022-10-09T23:47:49.942Z] HTTP Error: 401, Request had invalid authentication credentials. Expected OAuth 2 access token, login cookie or other valid authentication credential. See https://developers.google.com/identity/sign-in/web/devconsole-project.
[debug] [2022-10-09T23:47:50.223Z] FirebaseError: HTTP Error: 401, Request had invalid authentication credentials. Expected OAuth 2 access token, login cookie or other valid authentication credential. See https://developers.google.com/identity/sign-in/web/devconsole-project.
    at responseToError (C:\Users\Kbin\AppData\Roaming\npm\node_modules\firebase-tools\lib\responseToError.js:49:12)
    at RetryOperation._fn (C:\Users\Kbin\AppData\Roaming\npm\node_modules\firebase-tools\lib\apiv2.js:288:77)
    at processTicksAndRejections (node:internal/process/task_queues:96:5)
[error] 
[error] Error: Failed to get Firebase project tea-tree-6ed1f. Please make sure the project exists and your account has permission to access it.
